0.0,0.08881318029270834
0.008016032064128256,0.08763167641796671
0.01603206412825651,0.0864693269488635
0.024048096192384766,0.08532579184955068
0.03206412825651302,0.0842007373106698
0.04008016032064128,0.08309383563403469
0.04809619238476953,0.08200476511945638
0.05611222444889779,0.08093320995367034
0.06412825651302605,0.07987886010132711
0.0721442885771543,0.07884141119800783
0.08016032064128256,0.07782056444522706
0.08817635270541081,0.0768160265073858
0.09619238476953906,0.0758275094106386
0.10420841683366733,0.07485473044363901
0.11222444889779558,0.07389741206012859
0.12024048096192384,0.072955281783335
0.1282565130260521,0.07202807211214565
0.13627254509018036,0.07111552042902383
0.1442885771543086,0.07021736890963493
0.15230460921843686,0.06933336443415096
0.16032064128256512,0.06846325850020211
0.16833667334669336,0.06760680713744467
0.17635270541082163,0.06676377082371537
0.1843687374749499,0.0659339144027426
0.19238476953907813,0.06511700700338537
0.2004008016032064,0.06431282196037189
0.20841683366733466,0.06352113673650965
0.21643286573146292,0.06274173284633974
0.22444889779559116,0.06197439578120844
0.23246492985971942,0.06121891493572987
0.24048096192384769,0.060475083535613726
0.24849699398797592,0.05974269856683271
0.2565130260521042,0.059021560706104766
0.26452905811623245,0.05831147425266564
0.2725450901803607,0.057612247061307825
0.280561122244489,0.05692369047666225
0.2885771543086172,0.056245619268699656
0.29659318637274545,0.055577851569428974
0.3046092184368737,0.054920208810770386
0.312625250501002,0.05427251566358131
0.32064128256513025,0.053634599977813745
0.3286573146292585,0.05300629272378211
0.3366733466933867,0.05238742793452069
0.344689378757515,0.051777842649210655
0.35270541082164325,0.05117737685765658
0.3607214428857715,0.05058587344579306
0.3687374749498998,0.05000317814220218
0.37675350701402804,0.04942913946562316
0.38476953907815625,0.048863608673435525
0.3927855711422845,0.04830643971109791
0.4008016032064128,0.04775748916252455
0.40881763527054105,0.04721661620138216
0.4168336673346693,0.04668368254328994
0.4248496993987976,0.04615855239890606
0.43286573146292584,0.045641092427884
0.44088176352705405,0.04513117169368267
0.4488977955911823,0.044628661619214374
0.4569138276553106,0.044133435943315036
0.46492985971943884,0.043645370678021454
0.4729458917835671,0.04316434406664048
0.48096192384769537,0.04269023654259546
0.4889779559118236,0.04222293068903551
0.49699398797595185,0.0417623111991933
0.5050100200400801,0.0413082648374776
0.5130260521042084,0.04086068040128683
0.5210420841683366,0.04041944868353017
0.5290581162324649,0.03998446243584316
0.5370741482965932,0.03955561633248482
0.5450901803607214,0.039132806934903605
0.5531062124248497,0.0387159326569598
0.561122244488978,0.038304893730792135
0.5691382765531061,0.03789959217331654
0.5771543086172344,0.03749993175334548
0.5851703406813626,0.03710581795931616
0.5931863727454909,0.0367171579676163
0.6012024048096192,0.03633386061149646
0.6092184368737474,0.035955836350557914
0.6172344689378757,0.03558299724080538
0.625250501002004,0.03521525690525414
0.6332665330661322,0.03485253050508123
0.6412825651302605,0.03449473471131054
0.6492985971943888,0.0341417876770219
0.657314629258517,0.03379360901007449
0.6653306613226453,0.03345011974633491
0.6733466933867734,0.03311124232340054
0.6813627254509017,0.03277690055480902
0.68937875751503,0.0324470196047248
0.6973947895791582,0.03212152596309381
0.7054108216432865,0.031800347421257674
0.7134268537074148,0.03148341304801881
0.721442885771543,0.03117065316614808
0.7294589178356713,0.03086199932932674
0.7374749498997996,0.03055738429951462
0.7454909819639278,0.030256742024736626
0.7535070140280561,0.02996000761727972
0.7615230460921844,0.029667117332292825
0.7695390781563125,0.029378008546782096
0.7775551102204408,0.029092619738994217
0.785571142284569,0.02881089046818054
0.7935871743486973,0.028532761354734936
0.8016032064128256,0.02825817406069842
0.8096192384769538,0.027987071270623748
0.8176352705410821,0.02771939667279326
0.8256513026052104,0.02745509494078341
0.8336673346693386,0.027194111715369545
0.8416833667334669,0.02693639358676457
0.8496993987975952,0.026681888077185325
0.8577154308617234,0.026430543623740543
0.8657314629258517,0.026182309561634434
0.8737474949899798,0.025937136107680014
0.8817635270541081,0.02569497434411638
0.8897795591182364,0.025455776202724347
0.8977955911823646,0.025219494449234832
0.9058116232464929,0.024986082668024552
0.9138276553106212,0.02475549524709372
0.9218436873747494,0.024527687363320436
0.9298597194388777,0.024302614967986694
0.937875751503006,0.024080234772570878
0.9458917835671342,0.023860504234801832
0.9539078156312625,0.023643381544969623
0.9619238476953907,0.023428825612488217
0.969939879759519,0.023216796052705387
0.9779559118236472,0.02300725317395523
0.9859719438877754,0.022800157964848803
0.9939879759519037,0.02259547208179844
1.002004008016032,0.022393157836771364
1.0100200400801602,0.022193178185268374
1.0180360721442885,0.021995496714523406
1.0260521042084167,0.021800077631919795
1.034068136272545,0.021606885753619316
1.0420841683366733,0.021415886493399924
1.0501002004008015,0.021227045851698382
1.0581162324649298,0.021040330404853938
1.066132264529058,0.020855707294549292
1.0741482965931863,0.020673144217445198
1.0821643286573146,0.02049260941500509
1.0901803607214429,0.020314071663506184
1.0981963927855711,0.02013750026423358
1.1062124248496994,0.01996286503385396
1.1142284569138277,0.019790136294965552
1.122244488977956,0.01961928486682102
1.130260521042084,0.01945028205622013
1.1382765531062122,0.019283099648568964
1.1462925851703405,0.019117709899102626
1.1543086172344688,0.018954085524268346
1.162324649298597,0.01879219969326602
1.1703406813627253,0.018632026019743262
1.1783567134268536,0.018473538553642043
1.1863727454909818,0.018316711773194116
1.19438877755511,0.018161520577062475
1.2024048096192383,0.018007940276626062
1.2104208416833666,0.017855946588405117
1.2184368737474949,0.01770551562662448
1.2264529058116231,0.01755662389591233
1.2344689378757514,0.017409248284131793
1.2424849699398797,0.01726336605534295
1.250501002004008,0.01711895484289282
1.2585170340681362,0.0169759926426309
1.2665330661322645,0.016834457806247954
1.2745490981963927,0.01669432903473571
1.282565130260521,0.01655558537196524
1.2905811623246493,0.016418206198381784
1.2985971943887775,0.016282171224813825
1.3066132264529058,0.016147460486394333
1.314629258517034,0.01601405433659203
1.3226452905811623,0.015881933441350613
1.3306613226452906,0.01575107877333399
1.3386773547094186,0.015621471606275422
1.3466933867735469,0.015493093509428752
1.3547094188376752,0.015365926342119715
1.3627254509018034,0.015239952248395517
1.3707414829659317,0.0151151536517708
1.37875751503006,0.014991513250068207
1.3867735470941882,0.014869014010351777
1.3947895791583165,0.014747639163951411
1.4028056112224447,0.014627372201576724
1.410821643286573,0.014508196868518584
1.4188376753507013,0.014390097159936712
1.4268537074148295,0.014273057316231706
1.4348697394789578,0.014157061818499933
1.442885771543086,0.014042095384069694
1.4509018036072143,0.013928142962117168
1.4589178356713426,0.013815189729360623
1.4669338677354709,0.013703221085831413
1.4749498997995991,0.013592222650720328
1.4829659318637274,0.013482180258297878
1.4909819639278556,0.01337307995390711
1.498997995991984,0.013264907990027603
1.5070140280561122,0.013157650822409285
1.5150300601202404,0.013051295106274773
1.5230460921843687,0.012945827692588927
1.531062124248497,0.012841235624394357
1.539078156312625,0.01273750613321164
1.5470941883767533,0.01263462663550302
1.5551102204408815,0.012532584729198382
1.5631262525050098,0.012431368190282347
1.571142284569138,0.012330964969441305
1.5791583166332663,0.01223136318876926
1.5871743486973946,0.012132551138531377
1.5951903807615229,0.012034517273984137
1.6032064128256511,0.011937250212251014
1.6112224448897794,0.011840738729252627
1.6192384769539077,0.011744971756690342
1.627254509018036,0.01164993837908229
1.6352705410821642,0.011555627830850809
1.6432865731462925,0.011462029493460335
1.6513026052104207,0.011369132892604788
1.659318637274549,0.011276927695443474
1.6673346693386772,0.01118540370788463
1.6753507014028055,0.011094550871915642
1.6833667334669338,0.011004359262979106
1.691382765531062,0.010914819087393795
1.6993987975951903,0.010825920679819707
1.7074148296593186,0.010737654500766346
1.7154308617234468,0.010650011134143392
1.723446893787575,0.010562981284852944
1.7314629258517034,0.010476555776422562
1.7394789579158316,0.010390725548678289
1.7474949899799597,0.010305481655456899
1.755511022044088,0.010220815262356615
1.7635270541082162,0.010136717644525542
1.7715430861723445,0.010053180184487094
1.7795591182364727,0.009970194370001694
1.787575150300601,0.00988775179196404
1.7955911823647293,0.009805844142335252
1.8036072144288575,0.00972446321210922
1.8116232464929858,0.009643600889312473
1.819639278557114,0.009563249157036937
1.8276553106212423,0.009483400091504906
1.8356713426853706,0.009404045860165636
1.8436873747494988,0.009325178719822915
1.851703406813627,0.009246791014792984
1.8597194388777554,0.009168875175092253
1.8677354709418836,0.0090914237146542
1.875751503006012,0.009014429229574867
1.8837675350701402,0.0089378843963864
1.8917835671342684,0.00886178197035808
1.8997995991983967,0.008786114783824284
1.907815631262525,0.00871087574453885
1.9158316633266532,0.008636057834055307
1.9238476953907815,0.008561654106132462
1.9318637274549098,0.008487657685164842
1.939879759519038,0.00841406176463746
1.9478957915831663,0.00834085960560444
1.9559118236472943,0.00826804453519103
1.9639278557114226,0.008195609945118483
1.9719438877755509,0.00812354929025138
1.9799599198396791,0.008051856087166928
1.9879759519038074,0.00798052391274577
1.9959919839679356,0.007909546402783884
2.004008016032064,0.007838917250625124
2.012024048096192,0.007768630205813966
2.0200400801603204,0.007698679072768079
2.0280561122244487,0.00762905770947026
2.036072144288577,0.007559760026179364
2.0440881763527052,0.007490779984159806
2.0521042084168335,0.007422111594429269
2.0601202404809618,0.007353748916524212
2.06813627254509,0.0072856860572828065
2.0761523046092183,0.007217917169644938
2.0841683366733466,0.007150436451468897
2.092184368737475,0.007083238144364403
2.100200400801603,0.007016316532541617
2.1082164328657313,0.00694966594167578
2.1162324649298596,0.006883280737787154
2.124248496993988,0.006817155326135912
2.132264529058116,0.006751284150131668
2.1402805611222444,0.0066856616902573026
2.1482965931863727,0.006620282463006775
2.156312625250501,0.006555141019836617
2.164328657314629,0.006490231946130775
2.1723446893787575,0.00642554986017853
2.1803607214428857,0.006361089412165164
2.188376753507014,0.006296845283175109
2.1963927855711423,0.006232812184207266
2.2044088176352705,0.006168984855202229
2.212424849699399,0.006105358064081119
2.220440881763527,0.006041926605795767
2.2284569138276553,0.005978685301389962
2.2364729458917836,0.0059156289970715105
2.244488977955912,0.0058527525632948415
2.25250501002004,0.0057900508938538865
2.260521042084168,0.00572751890498501
2.268537074148296,0.005665151534479704
2.2765531062124245,0.005602943740806837
2.2845691382765527,0.005540890502244185
2.292585170340681,0.0054789868160190274
2.3006012024048093,0.00541722769745756
2.3086172344689375,0.005355608179142904
2.316633266533066,0.00529412331008148
2.324649298597194,0.005232768154877516
2.3326653306613223,0.0051715377929154776
2.3406813627254506,0.005110427317550204
2.348697394789579,0.005049431835304524
2.356713426853707,0.004988546465074159
2.3647294589178354,0.004927766337339682
2.3727454909819636,0.004867086593385355
2.380761523046092,0.004806502384524616
2.38877755511022,0.004746008871332034
2.3967935871743484,0.004685601222881536
2.4048096192384767,0.004625274615990698
2.412825651302605,0.004565024234470924
2.420841683366733,0.004504845268383317
2.4288577154308615,0.004444732913300064
2.4368737474949898,0.004384682369571139
2.444889779559118,0.00432468884159616
2.4529058116232463,0.0042647475371012065
2.4609218436873745,0.0042048536664204324
2.468937875751503,0.004145002441782295
2.476953907815631,0.004085189076600236
2.4849699398797593,0.004025408784767633
2.4929859719438876,0.00396565677995687
2.501002004008016,0.0039059282749223465
2.509018036072144,0.0038462184808072818
2.5170340681362724,0.003786522606454129
2.5250501002004007,0.003726835857718465
2.533066132264529,0.0036671534367861826
2.541082164328657,0.0036074705414938387
2.5490981963927855,0.003547782364651999
2.5571142284569137,0.003488084093371433
2.565130260521042,0.0034283709083920096
2.5731462925851702,0.0033686379834141408
2.5811623246492985,0.003308880484432632
2.5891783567134268,0.0032490935690727917
2.597194388777555,0.0031892723859286575
2.6052104208416833,0.0031294120739032
2.6132264529058116,0.0030695077615503588
2.62124248496994,0.003009554566418776
2.629258517034068,0.0029495475943970896
2.6372745490981964,0.00288948193906065
2.6452905811623246,0.0028293526810195236
2.653306613226453,0.0027691548872676532
2.661322645290581,0.0027088836105330426
2.669338677354709,0.0026485338886288287
2.6773547094188372,0.0025881007438051224
2.6853707414829655,0.0025275791821014787
2.6933867735470938,0.002466964192699876
2.701402805611222,0.0024062507472780727
2.7094188376753503,0.002345433799363223
2.7174348697394786,0.0022845082836856164
2.725450901803607,0.002223469115532431
2.733466933867735,0.002162311190101367
2.7414829659318634,0.0021010293818540435
2.7494989979959916,0.0020396185438690396
2.75751503006012,0.0019780735071944547
2.765531062124248,0.001916389080199875
2.7735470941883764,0.0018545600479276236
2.7815631262525047,0.0017925811714431777
2.789579158316633,0.0017304471871846382
2.797595190380761,0.0016681528063111322
2.8056112224448895,0.001605692714050036
2.8136272545090177,0.0015430615690429025
2.821643286573146,0.0014802540026899779
2.8296593186372743,0.0014172646184931964
2.8376753507014025,0.0013540879913975375
2.845691382765531,0.0012907186671306354
2.853707414829659,0.001227151161540527
2.8617234468937873,0.001163379959931427
2.8697394789579156,0.0010993995163974216
2.877755511022044,0.0010352042531539647
2.885771543086172,0.0009707885598670733
2.8937875751503004,0.0009061467929801054
2.9018036072144286,0.0008412732750380168
2.909819639278557,0.000776162294008982
2.917835671342685,0.0007108081026032755
2.9258517034068134,0.0006452049175893011
2.9338677354709417,0.0005793469191066619
2.94188376753507,0.0005132282499761638
2.9498997995991982,0.0004468430150066434
2.9579158316633265,0.000380185280298512
2.9659318637274548,0.00031324907254391026
2.973947895791583,0.00024602837832336306
2.9819639278557113,0.00017851714339882992
2.9899799599198396,0.00011070927200304166
2.997995991983968,4.259862612501704e-5
3.006012024048096,-2.5820975208348123e-5
3.0140280561122244,-9.455575665472633e-5
3.0220440881763526,-0.00016361198728294588
3.030060120240481,-0.0002329959813038272
3.038076152304609,-0.0003027140988053754
3.0460921843687374,-0.0003727727464924366
3.0541082164328657,-0.0004431783784309252
3.062124248496994,-0.0005139374967967294
3.070140280561122,-0.0005850566526294032
3.07815631262525,-0.0006565424465907518
3.0861723446893783,-0.000728401529728419
3.0941883767535066,-0.0008006406042445845
3.102204408817635,-0.0008732664242698799
3.110220440881763,-0.0009462857966426301
3.1182364729458913,-0.0010197055816935318
3.1262525050100196,-0.0010935326940358756
3.134268537074148,-0.0011677741033614228
3.142284569138276,-0.0012424368352420448
3.1503006012024044,-0.001317527971937237
3.1583166332665327,-0.0013930546532076168
3.166332665330661,-0.0014690240771345145
3.174348697394789,-0.0015454435009457721
3.1823647294589175,-0.001622320241847858
3.1903807615230457,-0.0016996616778644099
3.198396793587174,-0.001777475248681321
3.2064128256513023,-0.0018557684564984784
3.2144288577154305,-0.0019345488668882707
3.222444889779559,-0.0020138241096609743
3.230460921843687,-0.002093601879737138
3.2384769539078153,-0.0021738899380270744
3.2464929859719436,-0.002254696112317582
3.254509018036072,-0.0023360282981660014
3.2625250501002,-0.002417894459801737
3.2705410821643284,-0.002500302631035349
3.2785571142284566,-0.0025832609161753396
3.286573146292585,-0.002666777490952751
3.294589178356713,-0.0027508606034536945
3.3026052104208414,-0.0028355185750599263
3.3106212424849697,-0.0029207598013975982
3.318637274549098,-0.0030065927532942982
3.3266533066132262,-0.003093025977744503
3.3346693386773545,-0.0031800680988835696
3.3426853707414828,-0.0032677278189703848
3.350701402805611,-0.0033560139193788002
3.3587174348697393,-0.0034449352615979747
3.3667334669338675,-0.003534500788241752
3.374749498997996,-0.0036247195240672026
3.382765531062124,-0.0037156005770024505
3.3907815631262523,-0.0038071531391839202
3.3987975951903806,-0.003899386488003133
3.406813627254509,-0.003992309987163175
3.414829659318637,-0.004085933087744979
3.4228456913827654,-0.004180265329283544
3.4308617234468937,-0.004275316340854233
3.438877755511022,-0.004371095842169275
3.44689378757515,-0.004467613644684608
3.4549098196392785,-0.004564879652717215
3.4629258517034067,-0.004662903864573057
3.470941883767535,-0.00476169637368578
3.4789579158316633,-0.0048612673697663086
3.4869739478957915,-0.004961627139963471
3.4949899799599193,-0.005062786070035813
3.5030060120240476,-0.005164754645534719
3.511022044088176,-0.005267543452999011
3.519038076152304,-0.005371163181161144
3.5270541082164324,-0.005475624622165166
3.5350701402805607,-0.005580938672796579
3.543086172344689,-0.005687116335724255
3.551102204408817,-0.005794168720754545
3.5591182364729455,-0.005902107046097762
3.5671342685370737,-0.006010942639647148
3.575150300601202,-0.00612068694027052
3.5831663326653302,-0.006231351499114726
3.5911823647294585,-0.006342947980923073
3.5991983967935868,-0.006455488165365892
3.607214428857715,-0.006568983948384389
3.6152304609218433,-0.006683447343547955
3.6232464929859716,-0.006798890483425087
3.6312625250501,-0.00691532562096809
3.639278557114228,-0.007032765130911722
3.6472945891783564,-0.0071512215111859566
3.6553106212424846,-0.007270707384343018
3.663326653306613,-0.007391235498998877
3.671342685370741,-0.007512818731289361
3.6793587174348694,-0.00763547008634106
3.6873747494989977,-0.007759202699757214
3.695390781563126,-0.007884029839118734
3.703406813627254,-0.00800996490550056
3.7114228456913825,-0.008137021435003519
3.7194388777555107,-0.008265213100301875
3.727454909819639,-0.008394553712206742
3.7354709418837673,-0.008525057221245566
3.7434869739478955,-0.008656737719257835
3.751503006012024,-0.008789609441007236
3.759519038076152,-0.008923686765810429
3.7675350701402803,-0.009058984219182631
3.7755511022044086,-0.00919551647450022
3.783567134268537,-0.009333298354680533
3.791583166332665,-0.009472344833879084
3.7995991983967934,-0.009612671039204372
3.8076152304609217,-0.009754292252450501
3.81563126252505,-0.009897223911847816
3.823647294589178,-0.010041481613831749
3.8316633266533064,-0.01018708111483009
3.8396793587174347,-0.010334038333068903
3.847695390781563,-0.010482369350397277
3.8557114228456912,-0.010632090414131152
3.8637274549098195,-0.010783217938916413
3.8717434869739478,-0.010935768508611499
3.879759519038076,-0.011089758878189705
3.8877755511022043,-0.011245205975661459
3.8957915831663326,-0.01140212690401674
3.9038076152304604,-0.011560538943187907
3.9118236472945886,-0.011720459552033151
3.919839679358717,-0.011881906370340808
3.927855711422845,-0.012044897220854762
3.9358717434869734,-0.012209450111321185
3.9438877755511017,-0.01237558323655684
3.95190380761523,-0.012543314980539216
3.9599198396793582,-0.01271266391851869
3.9679358717434865,-0.012883648819153033
3.9759519038076148,-0.013056288646664433
3.983967935871743,-0.01323060256301936
3.9919839679358713,-0.013406609930131472
3.9999999999999996,-0.013584330312087846
