0.0,0.08904936657443904
0.008016032064128256,0.08874991677437037
0.01603206412825651,0.08844798474249346
0.024048096192384766,0.08814366428875353
0.03206412825651302,0.08783704719351393
0.04008016032064128,0.0875282232469938
0.04809619238476953,0.08721728028796158
0.05611222444889779,0.0869043042416986
0.06412825651302605,0.08658937915724607
0.0721442885771543,0.08627258724394916
0.08016032064128256,0.08595400890731104
0.08817635270541081,0.08563372278417004
0.09619238476953906,0.08531180577721233
0.10420841683366733,0.0849883330888327
0.11222444889779558,0.08466337825435566
0.12024048096192384,0.08433701317462862
0.1282565130260521,0.08400930814799909
0.13627254509018036,0.08368033190168736
0.1442885771543086,0.0833501516225659
0.15230460921843686,0.08301883298735668
0.16032064128256512,0.08268644019225718
0.16833667334669336,0.08235303598200586
0.17635270541082163,0.08201868167839753
0.1843687374749499,0.08168343720825899
0.19238476953907813,0.0813473611308949
0.2004008016032064,0.08101051066501391
0.20841683366733466,0.0806729417151447
0.21643286573146292,0.0803347088975515
0.22444889779559116,0.07999586556565849
0.23246492985971942,0.07965646383499222
0.24048096192384769,0.07931655460765107
0.24849699398797592,0.07897618759631063
0.2565130260521042,0.07863541134777369
0.26452905811623245,0.0782942732660733
0.2725450901803607,0.07795281963513741
0.280561122244489,0.07761109564102305
0.2885771543086172,0.07726914539372842
0.29659318637274545,0.07692701194859052
0.3046092184368737,0.07658473732727616
0.312625250501002,0.07624236253837427
0.32064128256513025,0.07589992759759628
0.3286573146292585,0.0755574715475927
0.3366733466933867,0.07521503247739243
0.344689378757515,0.0748726475414725
0.35270541082164325,0.07453035297846448
0.3607214428857715,0.07418818412950491
0.3687374749498998,0.07384617545623616
0.37675350701402804,0.07350436055846435
0.38476953907815625,0.07316277219148067
0.3927855711422845,0.07282144228305262
0.4008016032064128,0.07248040195009103
0.40881763527054105,0.07213968151499921
0.4168336673346693,0.07179931052171015
0.4248496993987976,0.07145931775141745
0.43286573146292584,0.07111973123800593
0.44088176352705405,0.07078057828318737
0.4488977955911823,0.07044188547134712
0.4569138276553106,0.07010367868410675
0.46492985971943884,0.06976598311460822
0.4729458917835671,0.06942882328152494
0.48096192384769537,0.06909222304280442
0.4889779559118236,0.06875620560914794
0.49699398797595185,0.06842079355723205
0.5050100200400801,0.06808600884267663
0.5130260521042084,0.06775187281276447
0.5210420841683366,0.06741840621891687
0.5290581162324649,0.06708562922892991
0.5370741482965932,0.06675356143897589
0.5450901803607214,0.06642222188537424
0.5531062124248497,0.06609162905613647
0.561122244488978,0.06576180090228917
0.5691382765531061,0.06543275484897924
0.5771543086172344,0.06510450780636565
0.5851703406813626,0.06477707618030151
0.5931863727454909,0.0644504758828105
0.6012024048096192,0.06412472234236152
0.6092184368737474,0.06379983051394532
0.6172344689378757,0.06347581488895682
0.625250501002004,0.06315268950488687
0.6332665330661322,0.0628304679548269
0.6412825651302605,0.06250916339679011
0.6492985971943888,0.06218878856285246
0.657314629258517,0.06186935576811705
0.6653306613226453,0.061550876919505164
0.6733466933867734,0.061233363524377096
0.6813627254509017,0.06091682669898618
0.68937875751503,0.06060127717676897
0.6973947895791582,0.060286725316474735
0.7054108216432865,0.05997318111013738
0.7134268537074148,0.05966065419089253
0.721442885771543,0.059349153840642974
0.7294589178356713,0.05903868899757505
0.7374749498997996,0.058729268263529005
0.7454909819639278,0.058420899911225954
0.7535070140280561,0.05811359189135414
0.7615230460921844,0.05780735183951721
0.7695390781563125,0.05750218708304705
0.7775551102204408,0.05719810464768375
0.785571142284569,0.05689511126412523
0.7935871743486973,0.0565932133744489
0.8016032064128256,0.05629241713840791
0.8096192384769538,0.05599272843960418
0.8176352705410821,0.055694152891540664
0.8256513026052104,0.05539669584355508
0.8336673346693386,0.055100362386637354
0.8416833667334669,0.05480515735913293
0.8496993987975952,0.054511085352334156
0.8577154308617234,0.05421815071596182
0.8657314629258517,0.05392635756353892
0.8737474949899798,0.05363570977765873
0.8817635270541081,0.05334621101514913
0.8897795591182364,0.053057864712135076
0.8977955911823646,0.05277067408900135
0.9058116232464929,0.05248464215525724
0.9138276553106212,0.05219977171430515
0.9218436873747494,0.05191606536811489
0.9298597194388777,0.051633525521805466
0.937875751503006,0.051352154388136076
0.9458917835671342,0.05107195399190806
0.9539078156312625,0.050792926174279496
0.9619238476953907,0.05051507259699403
0.969939879759519,0.05023839474652568
0.9779559118236472,0.049962893938141066
0.9859719438877754,0.04968857131988072
0.9939879759519037,0.04941542787646098
1.002004008016032,0.04914346443309797
1.0100200400801602,0.04887268165925517
1.0180360721442885,0.048603080072315924
1.0260521042084167,0.04833466004118246
1.034068136272545,0.04806742178980268
1.0420841683366733,0.047801365400626156
1.0501002004008015,0.047536490817990655
1.0581162324649298,0.04727279785144053
1.066132264529058,0.04701028617897819
1.0741482965931863,0.0467489553502501
1.0821643286573146,0.04648880478966826
1.0901803607214429,0.04622983379946871
1.0981963927855711,0.04597204156270798
1.1062124248496994,0.04571542714619891
1.1142284569138277,0.04545998950338674
1.122244488977956,0.045205727477166786
1.130260521042084,0.04495263980264477
1.1382765531062122,0.04470072510984082
1.1462925851703405,0.04444998192633829
1.1543086172344688,0.044200408679878456
1.162324649298597,0.04395200370090201
1.1703406813627253,0.0437047652250385
1.1783567134268536,0.04345869139554458
1.1863727454909818,0.04321378026569216
1.19438877755511,0.0429700298011073
1.2024048096192383,0.042727437882060834
1.2104208416833666,0.04248600230571172
1.2184368737474949,0.042245720788303805
1.2264529058116231,0.04200659096731714
1.2344689378757514,0.041768610403574526
1.2424849699398797,0.04153177658330423
1.250501002004008,0.04129608692015968
1.2585170340681362,0.04106153875719697
1.2665330661322645,0.04082812936881095
1.2745490981963927,0.04059585596263072
1.282565130260521,0.0403647156813753
1.2905811623246493,0.04013470560467018
1.2985971943887775,0.03990582275082564
1.3066132264529058,0.03967806407857734
1.314629258517034,0.03945142648879011
1.3226452905811623,0.03922590682612554
1.3306613226452906,0.03900150188067405
1.3386773547094186,0.0387782083895522
1.3466933867735469,0.038556023038465795
1.3547094188376752,0.03833494246323953
1.3627254509018034,0.03811496325131371
1.3707414829659317,0.03789608194320885
1.37875751503006,0.03767829503395854
1.3867735470941882,0.037461598974511304
1.3947895791583165,0.03724599017310216
1.4028056112224447,0.037031464996594154
1.410821643286573,0.03681801977179078
1.4188376753507013,0.036605650786719554
1.4268537074148295,0.03639435429188754
1.4348697394789578,0.036184126501509116
1.442885771543086,0.035974963594706796
1.4509018036072143,0.03576686171668529
1.4589178356713426,0.035559816979879644
1.4669338677354709,0.035353825465077704
1.4749498997995991,0.035148883222517524
1.4829659318637274,0.034944986272960145
1.4909819639278556,0.03474213060873829
1.498997995991984,0.03454031219478129
1.5070140280561122,0.03433952696961684
1.5150300601202404,0.03413977084634997
1.5230460921843687,0.03394103971361965
1.531062124248497,0.03374332943653348
1.539078156312625,0.03354663585758087
1.5470941883767533,0.03335095479752518
1.5551102204408815,0.03315628205627505
1.5631262525050098,0.032962613413735575
1.571142284569138,0.03276994463063949
1.5791583166332663,0.03257827144935885
1.5871743486973946,0.03238758959469758
1.5951903807615229,0.03219789477466518
1.6032064128256511,0.03200918268123207
1.6112224448897794,0.031821448991066814
1.6192384769539077,0.031634689366255624
1.627254509018036,0.03144889945500448
1.6352705410821642,0.03126407489232418
1.6432865731462925,0.031080211300698657
1.6513026052104207,0.03089730429073687
1.659318637274549,0.030715349461808625
1.6673346693386772,0.030534342402664564
1.6753507014028055,0.03035427869204067
1.6833667334669338,0.030175153899247582
1.691382765531062,0.029996963584744993
1.6993987975951903,0.02981970330070142
1.7074148296593186,0.02964336859153964
1.7154308617234468,0.02946795499446803
1.723446893787575,0.02929345803999813
1.7314629258517034,0.029119873252448632
1.7394789579158316,0.028947196150436103
1.7474949899799597,0.028775422247352658
1.755511022044088,0.02860454705183088
1.7635270541082162,0.028434566068196148
1.7715430861723445,0.028265474796906692
1.7795591182364727,0.028097268734981588
1.787575150300601,0.027929943376416858
1.7955911823647293,0.02776349421259001
1.8036072144288575,0.02759791673265314
1.8116232464929858,0.02743320642391486
1.819639278557114,0.027269358772211254
1.8276553106212423,0.027106369262266082
1.8356713426853706,0.026944233378040392
1.8436873747494988,0.026782946603071796
1.851703406813627,0.02662250442080356
1.8597194388777554,0.02646290231490374
1.8677354709418836,0.026304135769574487
1.875751503006012,0.02614620026985179
1.8837675350701402,0.025989091301895768
1.8917835671342684,0.025832804353271715
1.8997995991983967,0.025677334913222067
1.907815631262525,0.02552267847292948
1.9158316633266532,0.025368830525771144
1.9238476953907815,0.02521578656756452
1.9318637274549098,0.025063542096804677
1.939879759519038,0.024912092614893338
1.9478957915831663,0.024761433626359852
1.9559118236472943,0.02461156063907417
1.9639278557114226,0.02446246916445202
1.9719438877755509,0.024314154717652428
1.9799599198396791,0.024166612817767705
1.9879759519038074,0.024019838988006012
1.9959919839679356,0.023873828755866713
2.004008016032064,0.02372857765330859
2.012024048096192,0.02358408121691107
2.0200400801603204,0.02344033498802855
2.0280561122244487,0.023297334512938063
2.036072144288577,0.023155075342980225
2.0440881763527052,0.02301355303469376
2.0521042084168335,0.0228727631499436
2.0601202404809618,0.022732701256042744
2.06813627254509,0.02259336292586793
2.0761523046092183,0.022454743737969296
2.0841683366733466,0.022316839276674067
2.092184368737475,0.022179645132184435
2.100200400801603,0.02204315690066969
2.1082164328657313,0.02190737018435272
2.1162324649298596,0.021772280591591007
2.124248496993988,0.02163788373695215
2.132264529058116,0.02150417524128406
2.1402805611222444,0.021371150731779916
2.1482965931863727,0.02123880584203795
2.156312625250501,0.021107136212116163
2.164328657314629,0.02097613748858207
2.1723446893787575,0.020845805324557525
2.1803607214428857,0.020716135379758735
2.188376753507014,0.02058712332053154
2.1963927855711423,0.020458764819882052
2.2044088176352705,0.020331055557502677
2.212424849699399,0.020203991219793653
2.220440881763527,0.020077567499880173
2.2284569138276553,0.01995178009762512
2.2364729458917836,0.019826624719637524
2.244488977955912,0.019702097079276806
2.25250501002004,0.01957819289665285
2.260521042084168,0.019454907898622018
2.268537074148296,0.019332237818779113
2.2765531062124245,0.019210178397445397
2.2845691382765527,0.0190887253816527
2.292585170340681,0.0189678745251237
2.3006012024048093,0.01884762158824842
2.3086172344689375,0.018727962338056986
2.316633266533066,0.018608892548188722
2.324649298597194,0.01849040799885765
2.3326653306613223,0.018372504476814395
2.3406813627254506,0.018255177775304585
2.348697394789579,0.018138423694023822
2.356713426853707,0.01802223803906919
2.3647294589178354,0.017906616622887433
2.3727454909819636,0.017791555264219813
2.380761523046092,0.017677049788043665
2.38877755511022,0.017563096025510757
2.3967935871743484,0.017449689813882435
2.4048096192384767,0.017336826996461645
2.412825651302605,0.017224503422521832
2.420841683366733,0.01711271494723277
2.4288577154308615,0.01700145743158339
2.4368737474949898,0.01689072674230159
2.444889779559118,0.016780518751771095
2.4529058116232463,0.016670829337945402
2.4609218436873745,0.016561654384258852
2.468937875751503,0.01645298977953481
2.476953907815631,0.016344831417891063
2.4849699398797593,0.016237175198642415
2.4929859719438876,0.016130017026200504
2.501002004008016,0.016023352809970914
2.509018036072144,0.015917178464247568
2.5170340681362724,0.01581148990810444
2.5250501002004007,0.015706283065284633
2.533066132264529,0.015601553864086824
2.541082164328657,0.015497298237249088
2.5490981963927855,0.015393512121830195
2.5571142284569137,0.015290191459088298
2.565130260521042,0.01518733219435712
2.5731462925851702,0.015084930276919616
2.5811623246492985,0.014982981659879158
2.5891783567134268,0.01488148230002823
2.597194388777555,0.014780428157714678
2.6052104208416833,0.01467981519670553
2.6132264529058116,0.014579639384048378
2.62124248496994,0.014479896689930386
2.629258517034068,0.014380583087534881
2.6372745490981964,0.014281694552895585
2.6452905811623246,0.014183227064748493
2.653306613226453,0.014085176604381402
2.661322645290581,0.013987539155481092
2.669338677354709,0.013890310703978207
2.6773547094188372,0.013793487237889816
2.6853707414829655,0.013697064747159671
2.6933867735470938,0.01360103922349618
2.701402805611222,0.0135054066602081
2.7094188376753503,0.013410163052037943
2.7174348697394786,0.01331530439499314
2.725450901803607,0.013220826686174926
2.733466933867735,0.013126725923604978
2.7414829659318634,0.013032998106049814
2.7494989979959916,0.012939639232842946
2.75751503006012,0.01284664530370479
2.765531062124248,0.01275401231856036
2.7735470941883764,0.012661736277354705
2.7815631262525047,0.012569813179866152
2.789579158316633,0.01247823902551729
2.797595190380761,0.01238700981318376
2.8056112224448895,0.012296121541000803
2.8136272545090177,0.012205570206167592
2.821643286573146,0.012115351804749337
2.8296593186372743,0.012025462331477173
2.8376753507014025,0.011935897779545816
2.845691382765531,0.011846654140408999
2.853707414829659,0.011757727403572664
2.8617234468937873,0.011669113556385937
2.8697394789579156,0.011580808583829856
2.877755511022044,0.011492808468303856
2.885771543086172,0.011405109189410022
2.8937875751503004,0.011317706723735076
2.9018036072144286,0.011230597044630107
2.909819639278557,0.011143776121988051
2.917835671342685,0.011057239922018887
2.9258517034068134,0.010970984407022558
2.9338677354709417,0.010885005535159612
2.94188376753507,0.010799299260219544
2.9498997995991982,0.010713861531386832
2.9579158316633265,0.010628688293004665
2.9659318637274548,0.010543775484336349
2.973947895791583,0.010459119039324376
2.9819639278557113,0.010374714886347147
2.9899799599198396,0.010290558947973349
2.997995991983968,0.010206647140713948
3.006012024048096,0.01012297537477182
3.0140280561122244,0.010039539553788975
3.0220440881763526,0.009956335574591382
3.030060120240481,0.009873359326931367
3.038076152304609,0.009790606693227583
3.0460921843687374,0.009708073548302528
3.0541082164328657,0.009625755759117584
3.062124248496994,0.009543649184505607
3.070140280561122,0.009461749674900979
3.07815631262525,0.009380053072067178
3.0861723446893783,0.0092985552088218
3.0941883767535066,0.009217251908759033
3.102204408817635,0.009136138985969565
3.110220440881763,0.00905521224475791
3.1182364729458913,0.008974467479357115
3.1262525050100196,0.008893900473640859
3.134268537074148,0.008813507000832891
3.142284569138276,0.008733282823213801
3.1503006012024044,0.008653223691825128
3.1583166332665327,0.008573325346170724
3.166332665330661,0.008493583513915402
3.174348697394789,0.008413993910580845
3.1823647294589175,0.008334552239238712
3.1903807615230457,0.008255254190200966
3.198396793587174,0.008176095440707352
3.2064128256513023,0.00809707165461006
3.2144288577154305,0.008018178482055485
3.222444889779559,0.0079394115591631
3.230460921843687,0.007860766507701407
3.2384769539078153,0.007782238934760928
3.2464929859719436,0.007703824432424223
3.254509018036072,0.007625518577432906
3.2625250501002,0.007547316930851618
3.2705410821643284,0.007469215037728949
3.2785571142284566,0.007391208426755258
3.286573146292585,0.007313292609917388
3.294589178356713,0.00723546308215022
3.3026052104208414,0.007157715320985048
3.3106212424849697,0.007080044786194751
3.318637274549098,0.007002446919435722
3.3266533066132262,0.006924917143886512
3.3346693386773545,0.006847450863883189
3.3426853707414828,0.006770043464551339
3.350701402805611,0.0066926903114347125
3.3587174348697393,0.006615386750120452
3.3667334669338675,0.006538128105860889
3.374749498997996,0.006460909683191868
3.382765531062124,0.006383726765547553
3.3907815631262523,0.006306574614871698
3.3987975951903806,0.006229448471225338
3.406813627254509,0.006152343552390845
3.414829659318637,0.006075255053472356
3.4228456913827654,0.005998178146492484
3.4308617234468937,0.005921107979985312
3.438877755511022,0.005844039678585614
3.44689378757515,0.00576696834261426
3.4549098196392785,0.005689889047659785
3.4629258517034067,0.005612796844156055
3.470941883767535,0.005535686756956009
3.4789579158316633,0.00545855378490143
3.4869739478957915,0.0053813929003887
3.4949899799599193,0.005304199048930493
3.5030060120240476,0.0052269671487133774
3.511022044088176,0.0051496920901512675
3.519038076152304,0.0050723687354346896
3.5270541082164324,0.004994991918075812
3.5350701402805607,0.004917556442449204
3.543086172344689,0.00484005708332826
3.551102204408817,0.004762488585417262
3.5591182364729455,0.004684845662879012
3.5671342685370737,0.004607122998858016
3.575150300601202,0.004529315244999135
3.5831663326653302,0.004451417020961681
3.5911823647294585,0.004373422913928904
3.5991983967935868,0.004295327478112808
3.607214428857715,0.0042171252342542535
3.6152304609218433,0.004138810669118301
3.6232464929859716,0.004060378234984731
3.6312625250501,0.003981822349133695
3.639278557114228,0.003903137393326444
3.6472945891783564,0.003824317713281079
3.6553106212424846,0.00374535761814327
3.663326653306613,0.0036662513799518856
3.671342685370741,0.0035869932330994817
3.6793587174348694,0.0035075773737875894
3.6873747494989977,0.003427997959476746
3.695390781563126,0.0033482491083312114
3.703406813627254,0.003268324898658312
3.7114228456913825,0.003188219368342348
3.7194388777555107,0.0031079265142730144
3.727454909819639,0.003027440291768263
3.7354709418837673,0.002946754613991553
3.7434869739478955,0.0028658633513634238
3.751503006012024,0.0027847603309673285
3.759519038076152,0.002703439335949666
3.7675350701402803,0.002621894104913942
3.7755511022044086,0.0025401183313090055
3.783567134268537,0.0024581056628112767
3.791583166332665,0.0023758497007009215
3.7995991983967934,0.002293343999231889
3.8076152304609217,0.0022105820649957484
3.81563126252505,0.002127557356279264
3.823647294589178,0.0020442632824156253
3.8316633266533064,0.0019606932031292746
3.8396793587174347,0.0018768404278742532
3.847695390781563,0.0017926982151659978
3.8557114228456912,0.0017082597719065124
3.8637274549098195,0.0016235182527028443
3.8717434869739478,0.0015384667591787887
3.879759519038076,0.0014530983392797446
3.8877755511022043,0.001367405986570652
3.8957915831663326,0.0012813826395269262
3.9038076152304604,0.001195021180818317
3.9118236472945886,0.001108314436585611
3.919839679358717,0.0010212551757101005
3.927855711422845,0.0009338361090757344
3.9358717434869734,0.0008460498888238747
3.9438877755511017,0.0007578891076005733
3.95190380761523,0.0006693462977962861
3.9599198396793582,0.0005804139307779431
3.9679358717434865,0.0004910844161132858
3.9759519038076148,0.00040135010078738904
3.983967935871743,0.00031120326841128
3.9919839679358713,0.00022063613842256485
3.9999999999999996,0.00012964086527797664
