0.0,1.0889312734335737
0.008016032064128256,0.26996334978073344
0.01603206412825651,0.26771951570345154
0.024048096192384766,0.2655009371879401
0.03206412825651302,0.26330724177221
0.04008016032064128,0.26113806335361617
0.04809619238476953,0.2589930420737482
0.05611222444889779,0.2568718242054471
0.06412825651302605,0.2547740620419083
0.0721442885771543,0.25269941378783195
0.08016032064128256,0.2506475434525823
0.08817635270541081,0.24861812074531964
0.09619238476953906,0.24661082097206702
0.10420841683366733,0.24462532493467679
0.11222444889779558,0.24266131883166087
0.12024048096192384,0.24071849416085078
0.1282565130260521,0.23879654762385283
0.13627254509018036,0.23689518103226545
0.1442885771543086,0.2350141012156261
0.15230460921843686,0.23315301993105497
0.16032064128256512,0.23131165377456464
0.16833667334669336,0.22948972409400442
0.17635270541082163,0.22768695690360885
0.1843687374749499,0.22590308280012106
0.19238476953907813,0.22413783688046116
0.2004008016032064,0.22239095866091124
0.20841683366733466,0.2206621919977891
0.21643286573146292,0.21895128500958222
0.22444889779559116,0.21725799000051582
0.23246492985971942,0.21558206338552782
0.24048096192384769,0.2139232656166246
0.24849699398797592,0.21228136111059204
0.2565130260521042,0.2106561181780367
0.26452905811623245,0.2090473089537324
0.2725450901803607,0.20745470932824772
0.280561122244489,0.2058780988808312
0.2885771543086172,0.2043172608135303
0.29659318637274545,0.20277198188652157
0.3046092184368737,0.20124205235462944
0.312625250501002,0.1997272659050116
0.32064128256513025,0.19822741959598916
0.3286573146292585,0.1967423137970007
0.3366733466933867,0.19527175212965892
0.344689378757515,0.1938155414098898
0.35270541082164325,0.19237349159113376
0.3607214428857715,0.1909454157085898
0.3687374749498998,0.18953112982448234
0.37675350701402804,0.18813045297433276
0.38476953907815625,0.18674320711421616
0.3927855711422845,0.18536921706898563
0.4008016032064128,0.18400831048144584
0.40881763527054105,0.18266031776245845
0.4168336673346693,0.1813250720419617
0.4248496993987976,0.1800024091208881
0.43286573146292584,0.17869216742396238
0.44088176352705405,0.17739418795336437
0.4488977955911823,0.17610831424324025
0.4569138276553106,0.17483439231504652
0.46492985971943884,0.1735722706337115
0.4729458917835671,0.1723218000645989
0.48096192384769537,0.17108283383125866
0.4889779559118236,0.1698552274739506
0.49699398797595185,0.16863883880892644
0.5050100200400801,0.16743352788845622
0.5130260521042084,0.16623915696158528
0.5210420841683366,0.16505559043560805
0.5290581162324649,0.16388269483824602
0.5370741482965932,0.1627203387805159
0.5450901803607214,0.16156839292027605
0.5531062124248497,0.16042672992643817
0.561122244488978,0.15929522444383187
0.5691382765531061,0.1581737530587104
0.5771543086172344,0.1570621942648852
0.5851703406813626,0.15596042843047822
0.5931863727454909,0.15486833776527972
0.6012024048096192,0.15378580628870128
0.6092184368737474,0.15271271979831236
0.6172344689378757,0.15164896583894993
0.625250501002004,0.15059443367239023
0.6332665330661322,0.1495490142475726
0.6412825651302605,0.1485126001713652
0.6492985971943888,0.1474850856798621
0.657314629258517,0.14646636661020254
0.6653306613226453,0.14545634037290214
0.6733466933867734,0.14445490592468713
0.6813627254509017,0.14346196374182166
0.68937875751503,0.1424774157939198
0.6973947895791582,0.14150116551823255
0.7054108216432865,0.1405331177944019
0.7134268537074148,0.13957317891967205
0.721442885771543,0.13862125658455107
0.7294589178356713,0.13767725984891285
0.7374749498997996,0.13674109911853266
0.7454909819639278,0.13581268612204742
0.7535070140280561,0.13489193388833332
0.7615230460921844,0.13397875672429266
0.7695390781563125,0.13307307019304282
0.7775551102204408,0.13217479109249958
0.785571142284569,0.13128383743434752
0.7935871743486973,0.1304001284233907
0.8016032064128256,0.1295235844372761
0.8096192384769538,0.1286541270065834
0.8176352705410821,0.1277916787952739
0.8256513026052104,0.12693616358149235
0.8336673346693386,0.12608750623871504
0.8416833667334669,0.12524563271723743
0.8496993987975952,0.12441047002599576
0.8577154308617234,0.12358194621471572
0.8657314629258517,0.1227599903563827
0.8737474949899798,0.12194453253002739
0.8817635270541081,0.12113550380382104
0.8897795591182364,0.1203328362184746
0.8977955911823646,0.11953646277093624
0.9058116232464929,0.1187463173983817
0.9138276553106212,0.11796233496249184
0.9218436873747494,0.11718445123401272
0.9298597194388777,0.11641260287759217
0.937875751503006,0.11564672743688849
0.9458917835671342,0.1148867633199458
0.9539078156312625,0.11413264978483137
0.9619238476953907,0.11338432692553001
0.969939879759519,0.11264173565809082
0.9779559118236472,0.11190481770702157
0.9859719438877754,0.11117351559192629
0.9939879759519037,0.11044777261438161
1.002004008016032,0.1097275328450471
1.0100200400801602,0.10901274111100584
1.0180360721442885,0.10830334298333066
1.0260521042084167,0.10759928476487195
1.034068136272545,0.10690051347826279
1.0420841683366733,0.10620697685413802
1.0501002004008015,0.10551862331956247
1.0581162324649298,0.10483540198666515
1.066132264529058,0.10415726264147535
1.0741482965931863,0.10348415573295688
1.0821643286573146,0.10281603236223716
1.0901803607214429,0.10215284427202706
1.0981963927855711,0.10149454383622836
1.1062124248496994,0.10084108404972539
1.1142284569138277,0.10019241851835722
1.122244488977956,0.09954850144906732
1.130260521042084,0.09890928764022731
1.1382765531062122,0.09827473247213163
1.1462925851703405,0.09764479189766001
1.1543086172344688,0.09701942243310482
1.162324649298597,0.09639858114915978
1.1703406813627253,0.09578222566206773
1.1783567134268536,0.09517031412492406
1.1863727454909818,0.09456280521913316
1.19438877755511,0.09395965814601505
1.2024048096192383,0.09336083261855935
1.2104208416833666,0.09276628885332412
1.2184368737474949,0.09217598756247658
1.2264529058116231,0.09158988994597347
1.2344689378757514,0.09100795768387823
1.2424849699398797,0.09043015292881264
1.250501002004008,0.08985643829854029
1.2585170340681362,0.08928677686867982
1.2665330661322645,0.08872113216554514
1.2745490981963927,0.08815946815911052
1.282565130260521,0.08760174925609836
1.2905811623246493,0.08704794029318713
1.2985971943887775,0.08649800653033757
1.3066132264529058,0.08595191364423478
1.314629258517034,0.08540962772184416
1.3226452905811623,0.08487111525407919
1.3306613226452906,0.0843363431295789
1.3386773547094186,0.08380527862859305
1.3466933867735469,0.0832778894169731
1.3547094188376752,0.08275414354026711
1.3627254509018034,0.08223400941791634
1.3707414829659317,0.08171745583755223
1.37875751503006,0.08120445194939145
1.3867735470941882,0.08069496726072745
1.3947895791583165,0.08018897163051678
1.4028056112224447,0.07968643526405843
1.410821643286573,0.07918732870776432
1.4188376753507013,0.0786916228440196
1.4268537074148295,0.07819928888613074
1.4348697394789578,0.07771029837336038
1.442885771543086,0.07722462316604656
1.4509018036072143,0.07674223544080563
1.4589178356713426,0.07626310768581675
1.4669338677354709,0.07578721269618663
1.4749498997995991,0.07531452356939328
1.4829659318637274,0.07484501370080707
1.4909819639278556,0.0743786567792877
1.498997995991984,0.07391542678285598
1.5070140280561122,0.07345529797443864
1.5150300601202404,0.07299824489768533
1.5230460921843687,0.07254424237285602
1.531062124248497,0.07209326549277789
1.539078156312625,0.07164528961887028
1.5470941883767533,0.07120029037723644
1.5551102204408815,0.07075824365482106
1.5631262525050098,0.07031912559563212
1.571142284569138,0.06988291259702606
1.5791583166332663,0.06944958130605522
1.5871743486973946,0.06901910861587614
1.5951903807615229,0.06859147166221784
1.6032064128256511,0.06816664781990901
1.6112224448897794,0.06774461469946284
1.6192384769539077,0.06732535014371874
1.627254509018036,0.06690883222453951
1.6352705410821642,0.06649503923956356
1.6432865731462925,0.06608394970901048
1.6513026052104207,0.06567554237253964
1.659318637274549,0.06526979618616041
1.6673346693386772,0.06486669031919332
1.6753507014028055,0.06446620415128104
1.6833667334669338,0.0640683172694486
1.691382765531062,0.0636730094652116
1.6993987975951903,0.06328026073173171
1.7074148296593186,0.06289005126101875
1.7154308617234468,0.0625023614411782
1.723446893787575,0.062117171853703634
1.7314629258517034,0.06173446327081296
1.7394789579158316,0.06135421665282808
1.7474949899799597,0.060976413145596715
1.755511022044088,0.060601034077956015
1.7635270541082162,0.060228060959237065
1.7715430861723445,0.0598574754768095
1.7795591182364727,0.05948925949366556
1.787575150300601,0.059123395046042956
1.7955911823647293,0.05875986434108568
1.8036072144288575,0.058398649754542245
1.8116232464929858,0.05803973382850055
1.819639278557114,0.05768309926915881
1.8276553106212423,0.0573287289446319
1.8356713426853706,0.0569766058827924
1.8436873747494988,0.056626713269145715
1.851703406813627,0.05627903444473886
1.8597194388777554,0.055933552904102034
1.8677354709418836,0.055590252293222585
1.875751503006012,0.055249116407550675
1.8837675350701402,0.054910129190036155
1.8917835671342684,0.05457327472919612
1.8997995991983967,0.054238537257212394
1.907815631262525,0.05390590114805871
1.9158316633266532,0.05357535091565681
1.9238476953907815,0.05324687121206106
1.9318637274549098,0.05292044682567107
1.939879759519038,0.05259606267947176
1.9478957915831663,0.052273703829300466
1.9559118236472943,0.05195335546214049
1.9639278557114226,0.05163500289444083
1.9719438877755509,0.051318631570461286
1.9799599198396791,0.051004227060642865
1.9879759519038074,0.05069177506000275
1.9959919839679356,0.05038126138655357
2.004008016032064,0.050072671979746436
2.012024048096192,0.049765992898937336
2.0200400801603204,0.04946121032187656
2.0280561122244487,0.04915831054322056
2.036072144288577,0.048857279973066145
2.0440881763527052,0.048558105135506215
2.0521042084168335,0.048260772667207054
2.0601202404809618,0.04796526931600649
2.06813627254509,0.047671581939532734
2.0761523046092183,0.047379697503843445
2.0841683366733466,0.0470896030820847
2.092184368737475,0.04680128585316947
2.100200400801603,0.04651473310047534
2.1082164328657313,0.046229932210561014
2.1162324649298596,0.04594687067190138
2.124248496993988,0.045665536073640774
2.132264529058116,0.04538591610436399
2.1402805611222444,0.04510799855088501
2.1482965931863727,0.044831771297052805
2.156312625250501,0.0445572223225742
2.164328657314629,0.04428433970185322
2.1723446893787575,0.04401311160284691
2.1803607214428857,0.04374352628593709
2.188376753507014,0.04347557210281789
2.1963927855711423,0.04320923749539882
2.2044088176352705,0.04294451099472293
2.212424849699399,0.042681381219899985
2.220440881763527,0.042419836877054314
2.2284569138276553,0.04215986675828696
2.2364729458917836,0.04190145974065208
2.244488977955912,0.04164460478514721
2.25250501002004,0.04138929093571718
2.260521042084168,0.041135507318271355
2.268537074148296,0.0408832431397142
2.2765531062124245,0.04063248768698865
2.2845691382765527,0.040383230326132225
2.292585170340681,0.040135460501345616
2.3006012024048093,0.03988916773407354
2.3086172344689375,0.03964434162209759
2.316633266533066,0.03940097183864093
2.324649298597194,0.039159048131484624
2.3326653306613223,0.0389185603220953
2.3406813627254506,0.03867949830476411
2.348697394789579,0.03844185204575654
2.356713426853707,0.03820561158247318
2.3647294589178354,0.037970767022620984
2.3727454909819636,0.037737308543395034
2.380761523046092,0.03750522639067042
2.38877755511022,0.03727451087820432
2.3967935871743484,0.03704515238684777
2.4048096192384767,0.036817141363767285
2.412825651302605,0.03659046832167588
2.420841683366733,0.036365123838073485
2.4288577154308615,0.03614109855449652
2.4368737474949898,0.03591838317577646
2.444889779559118,0.03569696846930731
2.4529058116232463,0.035476845264321655
2.4609218436873745,0.03525800445117535
2.468937875751503,0.03504043698064049
2.476953907815631,0.034824133863206666
2.4849699398797593,0.03460908616839026
2.4929859719438876,0.034395285024051654
2.501002004008016,0.034182721615720245
2.509018036072144,0.03397138718592707
2.5170340681362724,0.03376127303354493
2.5250501002004007,0.03355237051313589
2.533066132264529,0.033344671034305995
2.541082164328657,0.033138166061067016
2.5490981963927855,0.032932847111205275
2.5571142284569137,0.03272870575565719
2.565130260521042,0.03252573361789155
2.5731462925851702,0.0323239223732984
2.5811623246492985,0.03212326374858433
2.5891783567134268,0.03192374952117416
2.597194388777555,0.03172537151861875
2.6052104208416833,0.031528121618009
2.6132264529058116,0.03133199174539576
2.62124248496994,0.031136973875215673
2.629258517034068,0.03094306002972268
2.6372745490981964,0.030750242278425304
2.6452905811623246,0.030558512737529332
2.653306613226453,0.03036786356938604
2.661322645290581,0.030178286981945683
2.669338677354709,0.02998977522821624
2.6773547094188372,0.029802320605727253
2.6853707414829655,0.029615915455998714
2.6933867735470938,0.029430552164014863
2.701402805611222,0.029246223157702842
2.7094188376753503,0.029062920907416
2.7174348697394786,0.028880637925421962
2.725450901803607,0.028699366765395102
2.733466933867735,0.02851910002191359
2.7414829659318634,0.028339830329960736
2.7494989979959916,0.028161550364430597
2.75751503006012,0.027984252839637846
2.765531062124248,0.02780793050883166
2.7735470941883764,0.027632576163713656
2.7815631262525047,0.027458182633959775
2.789579158316633,0.027284742786746006
2.797595190380761,0.027112249526277853
2.8056112224448895,0.026940695793323546
2.8136272545090177,0.026770074564750796
2.821643286573146,0.026600378853067118
2.8296593186372743,0.026431601705963627
2.8376753507014025,0.02626373620586217
2.845691382765531,0.026096775469465792
2.853707414829659,0.025930712647312414
2.8617234468937873,0.02576554092333168
2.8697394789579156,0.025601253514404884
2.877755511022044,0.02543784366992792
2.885771543086172,0.02527530467137717
2.8937875751503004,0.02511362983187826
2.9018036072144286,0.024952812495777642
2.909819639278557,0.024792846038216902
2.917835671342685,0.024633723864709738
2.9258517034068134,0.024475439410721566
2.9338677354709417,0.024317986141251642
2.94188376753507,0.024161357550417685
2.9498997995991982,0.02400554716104292
2.9579158316633265,0.02385054852424543
2.9659318637274548,0.023696355219029866
2.973947895791583,0.023542960851881324
2.9819639278557113,0.023390359056361443
2.9899799599198396,0.023238543492706574
2.997995991983968,0.023087507847428027
3.006012024048096,0.022937245832914285
3.0140280561122244,0.022787751187035188
3.0220440881763526,0.022639017672747955
3.030060120240481,0.02249103907770508
3.038076152304609,0.022343809213863905
3.0460921843687374,0.02219732191709801
3.0541082164328657,0.02205157104681018
3.062124248496994,0.021906550485547016
3.070140280561122,0.02176225413861506
3.07815631262525,0.021618675933698445
3.0861723446893783,0.021475809820477965
3.0941883767535066,0.02133364977025154
3.102204408817635,0.02119218977555603
3.110220440881763,0.02105142384979031
3.1182364729458913,0.020911346026839632
3.1262525050100196,0.020771950360701084
3.134268537074148,0.02063323092511029
3.142284569138276,0.020495181813169103
3.1503006012024044,0.020357797136974397
3.1583166332665327,0.020221071027247822
3.166332665330661,0.0200849976329665
3.174348697394789,0.019949571120994613
3.1823647294589175,0.01981478567571584
3.1903807615230457,0.019680635498666593
3.198396793587174,0.019547114808169994
3.2064128256513023,0.019414217838970568
3.2144288577154305,0.019281938841869566
3.222444889779559,0.019150272083360953
3.230460921843687,0.0190192118452679
3.2384769539078153,0.01888875242437983
3.2464929859719436,0.01875888813208997
3.254509018036072,0.01862961329403323
3.2625250501002,0.018500922249724605
3.2705410821643284,0.018372809352197816
3.2785571142284566,0.01824526896764428
3.286573146292585,0.018118295475052358
3.294589178356713,0.017991883265846775
3.3026052104208414,0.017866026743528222
3.3106212424849697,0.0177407203233131
3.318637274549098,0.017615958431773313
3.3266533066132262,0.017491735506476105
3.3346693386773545,0.017368045995623936
3.3426853707414828,0.01724488435769422
3.350701402805611,0.01712224506107907
3.3587174348697393,0.017000122583724853
3.3667334669338675,0.016878511412771566
3.374749498997996,0.01675740604419204
3.382765531062124,0.016636800982430852
3.3907815631262523,0.01651669074004292
3.3987975951903806,0.016397069837331812
3.406813627254509,0.01627793280198761
3.414829659318637,0.016159274168724397
3.4228456913827654,0.016041088478917245
3.4308617234468937,0.015923370280238706
3.438877755511022,0.015806114126294762
3.44689378757515,0.01568931457626016
3.4549098196392785,0.015572966194513161
3.4629258517034067,0.015457063550269545
3.470941883767535,0.015341601217215983
3.4789579158316633,0.015226573773142581
3.4869739478957915,0.015111975799574679
3.4949899799599193,0.014997801881403778
3.5030060120240476,0.014884046606517614
3.511022044088176,0.014770704565429296
3.519038076152304,0.014657770350905484
3.5270541082164324,0.014545238557593567
3.5350701402805607,0.0144331037816478
3.543086172344689,0.014321360620354353
3.551102204408817,0.014210003671755234
3.5591182364729455,0.01409902753427104
3.5671342685370737,0.013988426806322517
3.575150300601202,0.013878196085950834
3.5831663326653302,0.013768329970436605
3.5911823647294585,0.013658823055917549
3.5991983967935868,0.013549669937004795
3.607214428857715,0.013440865206397742
3.6152304609218433,0.013332403454497488
3.6232464929859716,0.01322427926901875
3.6312625250501,0.013116487234600223
3.639278557114228,0.01300902193241339
3.6472945891783564,0.01290187793976965
3.6553106212424846,0.012795049829725836
3.663326653306613,0.012688532170687968
3.671342685370741,0.01258231952601329
3.6793587174348694,0.012476406453610471
3.6873747494989977,0.012370787505538003
3.695390781563126,0.012265457227600677
3.703406813627254,0.01216041015894415
3.7114228456913825,0.012055640831647542
3.7194388777555107,0.011951143770314001
3.727454909819639,0.011846913491659219
3.7354709418837673,0.011742944504097845
3.7434869739478955,0.011639231307327734
3.751503006012024,0.011535768391912015
3.759519038076152,0.011432550238858922
3.7675350701402803,0.011329571319199334
3.7755511022044086,0.01122682609356198
3.783567134268537,0.011124309011746287
3.791583166332665,0.011022014512292788
3.7995991983967934,0.010919937022051077
3.8076152304609217,0.010818070955745242
3.81563126252505,0.010716410715536742
3.823647294589178,0.010614950690584678
3.8316633266533064,0.010513685256603404
3.8396793587174347,0.010412608775417448
3.847695390781563,0.010311715594513675
3.8557114228456912,0.01021100004659065
3.8637274549098195,0.010110456449105167
3.8717434869739478,0.010010079103815864
3.879759519038076,0.009909862296323922
3.8877755511022043,0.009809800295610755
3.8957915831663326,0.009709887353572649
3.9038076152304604,0.009610117704552328
3.9118236472945886,0.009510485564867362
3.919839679358717,0.0094109851323354
3.927855711422845,0.009311610585796135
3.9358717434869734,0.009212356084629988
3.9438877755511017,0.009113215768273446
3.95190380761523,0.009014183755730992
3.9599198396793582,0.008915254145083587
3.9679358717434865,0.008816421012993646
3.9759519038076148,0.00871767841420646
3.983967935871743,0.008619020381047997
3.9919839679358713,0.008520440922919039
3.9999999999999996,0.008421934025785607
